0 info it worked if it ends with ok
1 verbose cli [ 'D:\\DTools\\nodejs\\node.exe',
1 verbose cli   'D:\\DTools\\nodejs\\node_modules\\npm\\bin\\npm-cli.js',
1 verbose cli   'run',
1 verbose cli   'dev' ]
2 info using npm@3.10.9
3 info using node@v6.9.2
4 verbose run-script [ 'predev', 'dev', 'postdev' ]
5 info lifecycle mydemo@1.0.0~predev: mydemo@1.0.0
6 silly lifecycle mydemo@1.0.0~predev: no script for predev, continuing
7 info lifecycle mydemo@1.0.0~dev: mydemo@1.0.0
8 verbose lifecycle mydemo@1.0.0~dev: unsafe-perm in lifecycle true
9 verbose lifecycle mydemo@1.0.0~dev: PATH: D:\DTools\nodejs\node_modules\npm\bin\node-gyp-bin;D:\DFolder\project\myDemo\node_modules\.bin;C:\Users\ZENG\bin;D:\DTools\Git\mingw64\bin;D:\DTools\Git\usr\local\bin;D:\DTools\Git\usr\bin;D:\DTools\Git\usr\bin;D:\DTools\Git\mingw64\bin;D:\DTools\Git\usr\bin;C:\Users\ZENG\bin;C:\WINDOWS\system32;C:\WINDOWS;C:\WINDOWS\System32\Wbem;C:\WINDOWS\System32\WindowsPowerShell\v1.0;C:\Program Files (x86)\AMD\ATI.ACE\Core-Static;D:\Program Files\TortoiseSVN\bin;D:\DTools\nodejs;D:\DTools\Git\cmd;C:\Users\ZENG\Desktop\cmd;C:\Java\jdk8\bin;C:\Users\ZENG\AppData\Local\Microsoft\WindowsApps;C:\Users\ZENG\AppData\Roaming\npm;D:\DTools\Git\usr\bin\vendor_perl;D:\DTools\Git\usr\bin\core_perl
10 verbose lifecycle mydemo@1.0.0~dev: CWD: D:\DFolder\project\myDemo
11 silly lifecycle mydemo@1.0.0~dev: Args: [ '/d /s /c',
11 silly lifecycle   'cross-env NODE_ENV=development webpack-dev-server --open --inline --hot' ]
12 silly lifecycle mydemo@1.0.0~dev: Returned: code: 1  signal: null
13 info lifecycle mydemo@1.0.0~dev: Failed to exec dev script
14 verbose stack Error: mydemo@1.0.0 dev: `cross-env NODE_ENV=development webpack-dev-server --open --inline --hot`
14 verbose stack Exit status 1
14 verbose stack     at EventEmitter.<anonymous> (D:\DTools\nodejs\node_modules\npm\lib\utils\lifecycle.js:255:16)
14 verbose stack     at emitTwo (events.js:106:13)
14 verbose stack     at EventEmitter.emit (events.js:191:7)
14 verbose stack     at ChildProcess.<anonymous> (D:\DTools\nodejs\node_modules\npm\lib\utils\spawn.js:40:14)
14 verbose stack     at emitTwo (events.js:106:13)
14 verbose stack     at ChildProcess.emit (events.js:191:7)
14 verbose stack     at maybeClose (internal/child_process.js:877:16)
14 verbose stack     at Process.ChildProcess._handle.onexit (internal/child_process.js:226:5)
15 verbose pkgid mydemo@1.0.0
16 verbose cwd D:\DFolder\project\myDemo
17 error Windows_NT 10.0.14393
18 error argv "D:\\DTools\\nodejs\\node.exe" "D:\\DTools\\nodejs\\node_modules\\npm\\bin\\npm-cli.js" "run" "dev"
19 error node v6.9.2
20 error npm  v3.10.9
21 error code ELIFECYCLE
22 error mydemo@1.0.0 dev: `cross-env NODE_ENV=development webpack-dev-server --open --inline --hot`
22 error Exit status 1
23 error Failed at the mydemo@1.0.0 dev script 'cross-env NODE_ENV=development webpack-dev-server --open --inline --hot'.
23 error Make sure you have the latest version of node.js and npm installed.
23 error If you do, this is most likely a problem with the mydemo package,
23 error not with npm itself.
23 error Tell the author that this fails on your system:
23 error     cross-env NODE_ENV=development webpack-dev-server --open --inline --hot
23 error You can get information on how to open an issue for this project with:
23 error     npm bugs mydemo
23 error Or if that isn't available, you can get their info via:
23 error     npm owner ls mydemo
23 error There is likely additional logging output above.
24 verbose exit [ 1, true ]
